<?xml version="1.0" encoding="UTF-8"?>
<!-- Generated by org.testng.reporters.JUnitXMLReporter -->
<testsuite hostname="DESKTOP-3OR8M0T" name="Validate Title" tests="1" failures="1" timestamp="18 Apr 2019 19:58:32 GMT" time="28.552" errors="0">
  <testcase name="basePageNavigation" time="0.243" classname="SmokeTest.validateTitle">
    <failure type="junit.framework.ComparisonFailure" message="expected:&amp;lt;...e&amp;gt; but was:&amp;lt;...&amp;gt;">
      <![CDATA[junit.framework.ComparisonFailure: expected:<...e> but was:<...>
	at junit.framework.Assert.assertEquals(Assert.java:81)
	at junit.framework.Assert.assertEquals(Assert.java:87)
	at SmokeTest.validateTitle.basePageNavigation(validateTitle.java:32)
... Removed 24 stack frames]]>
    </failure>
  </testcase> <!-- basePageNavigation -->
</testsuite> <!-- Validate Title -->
