<?xml version="1.0" encoding="UTF-8"?>
<testng-results skipped="0" failed="0" ignored="0" total="4" passed="4">
  <reporter-output>
  </reporter-output>
  <suite name="Suite" duration-ms="193300" started-at="2019-04-18T23:41:43Z" finished-at="2019-04-18T23:44:56Z">
    <groups>
    </groups>
    <test name="App Test" duration-ms="16" started-at="2019-04-18T23:41:43Z" finished-at="2019-04-18T23:41:43Z">
    </test> <!-- App Test -->
    <test name="Validate Title" duration-ms="75176" started-at="2019-04-18T23:41:43Z" finished-at="2019-04-18T23:42:59Z">
      <class name="SmokeTest.validateTitle">
        <test-method status="PASS" signature="initialize()[pri:0, instance:SmokeTest.validateTitle@49049a04]" name="initialize" is-config="true" duration-ms="71760" started-at="2019-04-18T23:41:43Z" finished-at="2019-04-18T23:42:55Z">
          <reporter-output>
          </reporter-output>
        </test-method> <!-- initialize -->
        <test-method status="PASS" signature="validateAppTitle()[pri:0, instance:SmokeTest.validateTitle@49049a04]" name="validateAppTitle" duration-ms="642" started-at="2019-04-18T23:42:55Z" finished-at="2019-04-18T23:42:56Z">
          <reporter-output>
          </reporter-output>
        </test-method> <!-- validateAppTitle -->
        <test-method status="PASS" signature="teardown()[pri:0, instance:SmokeTest.validateTitle@49049a04]" name="teardown" is-config="true" duration-ms="2647" started-at="2019-04-18T23:42:56Z" finished-at="2019-04-18T23:42:59Z">
          <reporter-output>
          </reporter-output>
        </test-method> <!-- teardown -->
      </class> <!-- SmokeTest.validateTitle -->
    </test> <!-- Validate Title -->
    <test name="Validate Navigation Bar" duration-ms="28348" started-at="2019-04-18T23:42:59Z" finished-at="2019-04-18T23:43:27Z">
      <class name="SmokeTest.validateNavigationBar">
        <test-method status="PASS" signature="initialize()[pri:0, instance:SmokeTest.validateNavigationBar@54a7079e]" name="initialize" is-config="true" duration-ms="25360" started-at="2019-04-18T23:42:59Z" finished-at="2019-04-18T23:43:24Z">
          <reporter-output>
          </reporter-output>
        </test-method> <!-- initialize -->
        <test-method status="PASS" signature="validateAppNavigationBar()[pri:0, instance:SmokeTest.validateNavigationBar@54a7079e]" name="validateAppNavigationBar" duration-ms="506" started-at="2019-04-18T23:43:24Z" finished-at="2019-04-18T23:43:24Z">
          <reporter-output>
          </reporter-output>
        </test-method> <!-- validateAppNavigationBar -->
        <test-method status="PASS" signature="teardown()[pri:0, instance:SmokeTest.validateNavigationBar@54a7079e]" name="teardown" is-config="true" duration-ms="2480" started-at="2019-04-18T23:43:24Z" finished-at="2019-04-18T23:43:27Z">
          <reporter-output>
          </reporter-output>
        </test-method> <!-- teardown -->
      </class> <!-- SmokeTest.validateNavigationBar -->
    </test> <!-- Validate Navigation Bar -->
    <test name="Validating User Login" duration-ms="89566" started-at="2019-04-18T23:43:27Z" finished-at="2019-04-18T23:44:56Z">
      <class name="SmokeTest.HomePage">
        <test-method status="PASS" signature="basePageNavigation(java.lang.String, java.lang.String, java.lang.String)[pri:0, instance:SmokeTest.HomePage@55634720]" name="basePageNavigation" duration-ms="32717" started-at="2019-04-18T23:43:27Z" data-provider="getData" finished-at="2019-04-18T23:44:00Z">
          <params>
            <param index="0">
              <value>
                <![CDATA[nonerestrictiveuser@facebook.com]]>
              </value>
            </param>
            <param index="1">
              <value>
                <![CDATA[123456]]>
              </value>
            </param>
            <param index="2">
              <value>
                <![CDATA[None Restrictive User]]>
              </value>
            </param>
          </params>
          <reporter-output>
          </reporter-output>
        </test-method> <!-- basePageNavigation -->
        <test-method status="PASS" signature="basePageNavigation(java.lang.String, java.lang.String, java.lang.String)[pri:0, instance:SmokeTest.HomePage@55634720]" name="basePageNavigation" duration-ms="51828" started-at="2019-04-18T23:44:00Z" data-provider="getData" finished-at="2019-04-18T23:44:51Z">
          <params>
            <param index="0">
              <value>
                <![CDATA[restrictiveuser@facebook.com]]>
              </value>
            </param>
            <param index="1">
              <value>
                <![CDATA[678910]]>
              </value>
            </param>
            <param index="2">
              <value>
                <![CDATA[Restrictive User]]>
              </value>
            </param>
          </params>
          <reporter-output>
          </reporter-output>
        </test-method> <!-- basePageNavigation -->
        <test-method status="PASS" signature="teardown()[pri:0, instance:SmokeTest.HomePage@55634720]" name="teardown" is-config="true" duration-ms="5004" started-at="2019-04-18T23:44:51Z" finished-at="2019-04-18T23:44:56Z">
          <reporter-output>
          </reporter-output>
        </test-method> <!-- teardown -->
      </class> <!-- SmokeTest.HomePage -->
    </test> <!-- Validating User Login -->
  </suite> <!-- Suite -->
</testng-results>
