<?xml version="1.0" encoding="UTF-8"?>
<testng-results skipped="0" failed="0" ignored="0" total="4" passed="4">
  <reporter-output>
  </reporter-output>
  <suite name="Suite" duration-ms="156968" started-at="2019-04-19T00:17:49Z" finished-at="2019-04-19T00:20:26Z">
    <groups>
    </groups>
    <test name="App Test" duration-ms="35" started-at="2019-04-19T00:17:49Z" finished-at="2019-04-19T00:17:49Z">
    </test> <!-- App Test -->
    <test name="Validate Title" duration-ms="54979" started-at="2019-04-19T00:17:49Z" finished-at="2019-04-19T00:18:44Z">
      <class name="SmokeTest.validateTitle">
        <test-method status="PASS" signature="initialize()[pri:0, instance:SmokeTest.validateTitle@51e69659]" name="initialize" is-config="true" duration-ms="53244" started-at="2019-04-19T00:17:49Z" finished-at="2019-04-19T00:18:43Z">
          <reporter-output>
          </reporter-output>
        </test-method> <!-- initialize -->
        <test-method status="PASS" signature="validateAppTitle()[pri:0, instance:SmokeTest.validateTitle@51e69659]" name="validateAppTitle" duration-ms="379" started-at="2019-04-19T00:18:43Z" finished-at="2019-04-19T00:18:43Z">
          <reporter-output>
          </reporter-output>
        </test-method> <!-- validateAppTitle -->
        <test-method status="PASS" signature="teardown()[pri:0, instance:SmokeTest.validateTitle@51e69659]" name="teardown" is-config="true" duration-ms="1270" started-at="2019-04-19T00:18:43Z" finished-at="2019-04-19T00:18:44Z">
          <reporter-output>
          </reporter-output>
        </test-method> <!-- teardown -->
      </class> <!-- SmokeTest.validateTitle -->
    </test> <!-- Validate Title -->
    <test name="Validate Navigation Bar" duration-ms="26730" started-at="2019-04-19T00:18:44Z" finished-at="2019-04-19T00:19:11Z">
      <class name="SmokeTest.validateNavigationBar">
        <test-method status="PASS" signature="initialize()[pri:0, instance:SmokeTest.validateNavigationBar@1b11171f]" name="initialize" is-config="true" duration-ms="23456" started-at="2019-04-19T00:18:44Z" finished-at="2019-04-19T00:19:08Z">
          <reporter-output>
          </reporter-output>
        </test-method> <!-- initialize -->
        <test-method status="PASS" signature="validateAppNavigationBar()[pri:0, instance:SmokeTest.validateNavigationBar@1b11171f]" name="validateAppNavigationBar" duration-ms="269" started-at="2019-04-19T00:19:08Z" finished-at="2019-04-19T00:19:08Z">
          <reporter-output>
          </reporter-output>
        </test-method> <!-- validateAppNavigationBar -->
        <test-method status="PASS" signature="teardown()[pri:0, instance:SmokeTest.validateNavigationBar@1b11171f]" name="teardown" is-config="true" duration-ms="3000" started-at="2019-04-19T00:19:08Z" finished-at="2019-04-19T00:19:11Z">
          <reporter-output>
          </reporter-output>
        </test-method> <!-- teardown -->
      </class> <!-- SmokeTest.validateNavigationBar -->
    </test> <!-- Validate Navigation Bar -->
    <test name="Validating User Login" duration-ms="75095" started-at="2019-04-19T00:19:11Z" finished-at="2019-04-19T00:20:26Z">
      <class name="SmokeTest.HomePage">
        <test-method status="PASS" signature="basePageNavigation(java.lang.String, java.lang.String, java.lang.String)[pri:0, instance:SmokeTest.HomePage@2d710f1a]" name="basePageNavigation" duration-ms="28195" started-at="2019-04-19T00:19:11Z" data-provider="getData" finished-at="2019-04-19T00:19:39Z">
          <params>
            <param index="0">
              <value>
                <![CDATA[nonerestrictiveuser@facebook.com]]>
              </value>
            </param>
            <param index="1">
              <value>
                <![CDATA[123456]]>
              </value>
            </param>
            <param index="2">
              <value>
                <![CDATA[None Restrictive User]]>
              </value>
            </param>
          </params>
          <reporter-output>
          </reporter-output>
        </test-method> <!-- basePageNavigation -->
        <test-method status="PASS" signature="basePageNavigation(java.lang.String, java.lang.String, java.lang.String)[pri:0, instance:SmokeTest.HomePage@2d710f1a]" name="basePageNavigation" duration-ms="43820" started-at="2019-04-19T00:19:39Z" data-provider="getData" finished-at="2019-04-19T00:20:23Z">
          <params>
            <param index="0">
              <value>
                <![CDATA[restrictiveuser@facebook.com]]>
              </value>
            </param>
            <param index="1">
              <value>
                <![CDATA[678910]]>
              </value>
            </param>
            <param index="2">
              <value>
                <![CDATA[Restrictive User]]>
              </value>
            </param>
          </params>
          <reporter-output>
          </reporter-output>
        </test-method> <!-- basePageNavigation -->
        <test-method status="PASS" signature="teardown()[pri:0, instance:SmokeTest.HomePage@2d710f1a]" name="teardown" is-config="true" duration-ms="3065" started-at="2019-04-19T00:20:23Z" finished-at="2019-04-19T00:20:26Z">
          <reporter-output>
          </reporter-output>
        </test-method> <!-- teardown -->
      </class> <!-- SmokeTest.HomePage -->
    </test> <!-- Validating User Login -->
  </suite> <!-- Suite -->
</testng-results>
